{"time":"2023-07-14 10:39:56","message":"============= BROMO2 RUNTIME STARTED ============="}
{"time":"2023-07-14 10:39:57","message":"============= BROMO2 ENGINE STARTING ============="}
{"time":"2023-07-14 10:39:57","message":"App Address = localhost:7720"}
{"level":"info","time":"2023-07-14 10:41:10","message":"Basic auth successful"}
{"level":"info","time":"2023-07-14 10:41:10","message":"=== New Request ==="}
{"level":"debug","function":"StoreFile","message":"3","time":"2023-07-14 10:41:10"}
{"level":"debug","function":"StoreProfilePicture","message":"Success store file with ID : ObjectID(\"64b0c3d6153c0de62ba85ac8\")","time":"2023-07-14 10:41:10"}
{"time":"2023-07-14 10:45:43","message":"============= BROMO2 RUNTIME STARTED ============="}
{"time":"2023-07-14 10:45:44","message":"============= BROMO2 ENGINE STARTING ============="}
{"time":"2023-07-14 10:45:44","message":"App Address = localhost:7720"}
{"level":"info","time":"2023-07-14 10:46:10","message":"Basic auth successful"}
{"level":"info","time":"2023-07-14 10:46:10","message":"=== New Request ==="}
{"level":"debug","function":"StoreFile","message":"4","time":"2023-07-14 10:46:10"}
{"level":"debug","function":"StoreProfilePicture","message":"Success store file with ID : ObjectID(\"64b0c50225c62d15fe6a6086\")","time":"2023-07-14 10:46:10"}
{"time":"2023-07-14 10:48:49","message":"============= BROMO2 RUNTIME STARTED ============="}
{"time":"2023-07-14 10:48:49","message":"============= BROMO2 ENGINE STARTING ============="}
{"time":"2023-07-14 10:48:49","message":"App Address = localhost:7720"}
{"level":"info","time":"2023-07-14 10:48:56","message":"Basic auth successful"}
{"level":"info","time":"2023-07-14 10:48:56","message":"=== New Request ==="}
{"level":"debug","function":"StoreFile","message":"5","time":"2023-07-14 10:48:56"}
{"level":"error","error":"failed to unmarshal document Id","function":"StoreProfilePicture","message":"","time":"2023-07-14 10:48:56"}
{"level":"error","error":"failed to unmarshal document Id","function":"StoreFile","message":"","time":"2023-07-14 10:48:56"}
{"level":"error","error":"failed to unmarshal document Id","function":"StoreFile","message":"5","time":"2023-07-14 10:48:56"}
{"level":"error","error":"failed to unmarshal document Id","function":"StoreFile","message":"","time":"2023-07-14 10:48:56"}
{"level":"info","time":"2023-07-14 10:49:22","message":"Basic auth successful"}
{"level":"info","time":"2023-07-14 10:49:22","message":"=== New Request ==="}
{"level":"debug","function":"StoreFile","message":"5","time":"2023-07-14 10:49:22"}
{"level":"error","error":"failed to unmarshal document Id","function":"StoreProfilePicture","message":"","time":"2023-07-14 10:49:22"}
{"level":"error","error":"failed to unmarshal document Id","function":"StoreFile","message":"","time":"2023-07-14 10:49:22"}
{"level":"error","error":"failed to unmarshal document Id","function":"StoreFile","message":"5","time":"2023-07-14 10:49:22"}
{"level":"error","error":"failed to unmarshal document Id","function":"StoreFile","message":"","time":"2023-07-14 10:49:22"}
{"time":"2023-07-14 10:51:13","message":"============= BROMO2 RUNTIME STARTED ============="}
{"time":"2023-07-14 10:51:13","message":"============= BROMO2 ENGINE STARTING ============="}
{"time":"2023-07-14 10:51:13","message":"App Address = localhost:7720"}
{"level":"info","time":"2023-07-14 10:51:16","message":"Basic auth successful"}
{"level":"info","time":"2023-07-14 10:51:16","message":"=== New Request ==="}
{"level":"debug","function":"StoreFile","message":"5","time":"2023-07-14 10:51:16"}
{"level":"debug","function":"StoreProfilePicture","message":"Success store file with ID : ObjectID(\"64b0c6344a6f0aef01510e3e\")","time":"2023-07-14 10:51:16"}
{"time":"2023-07-14 10:55:27","message":"============= BROMO2 RUNTIME STARTED ============="}
{"time":"2023-07-14 10:55:28","message":"============= BROMO2 ENGINE STARTING ============="}
{"time":"2023-07-14 10:55:28","message":"App Address = localhost:7720"}
{"level":"info","time":"2023-07-14 10:55:31","message":"Basic auth successful"}
{"level":"info","time":"2023-07-14 10:55:31","message":"=== New Request ==="}
{"level":"debug","function":"StoreFile","message":"5","time":"2023-07-14 10:55:31"}
{"level":"debug","function":"StoreProfilePicture","message":"Success store file with ID : ObjectID(\"64b0c7335a9a0e2bff9046ff\")","time":"2023-07-14 10:55:31"}
{"time":"2023-07-14 10:55:50","message":"============= BROMO2 RUNTIME STARTED ============="}
{"time":"2023-07-14 10:55:51","message":"============= BROMO2 ENGINE STARTING ============="}
{"time":"2023-07-14 10:55:51","message":"App Address = localhost:7720"}
{"level":"info","time":"2023-07-14 10:55:52","message":"Basic auth successful"}
{"level":"info","time":"2023-07-14 10:55:52","message":"=== New Request ==="}
{"level":"debug","function":"StoreFile","message":"5","time":"2023-07-14 10:55:52"}
{"level":"debug","function":"StoreProfilePicture","message":"Success store file with ID : ObjectID(\"64b0c74827868c67264195bd\")","time":"2023-07-14 10:55:52"}
{"time":"2023-07-14 10:56:47","message":"============= BROMO2 RUNTIME STARTED ============="}
{"time":"2023-07-14 10:56:48","message":"============= BROMO2 ENGINE STARTING ============="}
{"time":"2023-07-14 10:56:48","message":"App Address = localhost:7720"}
{"level":"info","time":"2023-07-14 10:57:14","message":"Basic auth successful"}
{"level":"info","time":"2023-07-14 10:57:14","message":"=== New Request ==="}
{"level":"debug","function":"StoreFile","message":"5","time":"2023-07-14 10:57:14"}
{"level":"debug","function":"StoreProfilePicture","message":"Success store file with ID : ObjectID(\"64b0c79a756ec696a2a34780\")","time":"2023-07-14 10:57:14"}
{"time":"2023-07-14 10:57:39","message":"============= BROMO2 RUNTIME STARTED ============="}
{"time":"2023-07-14 10:57:40","message":"============= BROMO2 ENGINE STARTING ============="}
{"time":"2023-07-14 10:57:40","message":"App Address = localhost:7720"}
{"level":"info","time":"2023-07-14 10:57:42","message":"Basic auth successful"}
{"level":"info","time":"2023-07-14 10:57:42","message":"=== New Request ==="}
{"level":"debug","function":"StoreFile","message":"5","time":"2023-07-14 10:57:42"}
{"level":"debug","function":"StoreProfilePicture","message":"Success store file with ID : ObjectID(\"64b0c7b6be67c43121b5c534\")","time":"2023-07-14 10:57:42"}
{"level":"info","time":"2023-07-14 10:57:55","message":"Basic auth successful"}
{"level":"info","time":"2023-07-14 10:57:55","message":"=== New Request ==="}
{"level":"debug","function":"StoreFile","message":"5","time":"2023-07-14 10:57:55"}
{"level":"debug","function":"StoreProfilePicture","message":"Success store file with ID : ObjectID(\"64b0c7c3be67c43121b5c535\")","time":"2023-07-14 10:57:55"}
{"level":"info","time":"2023-07-14 10:57:56","message":"Basic auth successful"}
{"level":"info","time":"2023-07-14 10:57:56","message":"=== New Request ==="}
{"level":"debug","function":"StoreFile","message":"5","time":"2023-07-14 10:57:56"}
{"level":"debug","function":"StoreProfilePicture","message":"Success store file with ID : ObjectID(\"64b0c7c4be67c43121b5c536\")","time":"2023-07-14 10:57:56"}
{"level":"info","time":"2023-07-14 10:57:56","message":"Basic auth successful"}
{"level":"info","time":"2023-07-14 10:57:56","message":"=== New Request ==="}
{"level":"debug","function":"StoreFile","message":"5","time":"2023-07-14 10:57:56"}
{"level":"debug","function":"StoreProfilePicture","message":"Success store file with ID : ObjectID(\"64b0c7c4be67c43121b5c537\")","time":"2023-07-14 10:57:56"}
{"level":"info","time":"2023-07-14 10:58:10","message":"Basic auth successful"}
{"level":"info","time":"2023-07-14 10:58:10","message":"=== New Request ==="}
{"level":"debug","function":"StoreFile","message":"5","time":"2023-07-14 10:58:10"}
{"level":"debug","function":"StoreProfilePicture","message":"Success store file with ID : ObjectID(\"64b0c7d2be67c43121b5c538\")","time":"2023-07-14 10:58:10"}
{"level":"info","time":"2023-07-14 10:58:34","message":"Basic auth successful"}
{"level":"info","time":"2023-07-14 10:58:34","message":"=== New Request ==="}
{"level":"debug","function":"StoreFile","message":"5","time":"2023-07-14 10:58:34"}
{"level":"debug","function":"StoreProfilePicture","message":"Success store file with ID : ObjectID(\"64b0c7eabe67c43121b5c539\")","time":"2023-07-14 10:58:34"}
{"time":"2023-07-14 12:35:31","message":"============= BROMO2 RUNTIME STARTED ============="}
{"time":"2023-07-14 12:35:31","message":"============= BROMO2 ENGINE STARTING ============="}
{"time":"2023-07-14 12:35:31","message":"App Address = localhost:7720"}
{"time":"2023-07-14 15:58:39","message":"============= BROMO2 RUNTIME STARTED ============="}
{"time":"2023-07-14 15:58:39","message":"============= BROMO2 ENGINE STARTING ============="}
{"time":"2023-07-14 15:58:39","message":"App Address = localhost:7720"}
{"level":"info","time":"2023-07-14 16:00:23","message":"Basic auth successful"}
{"level":"info","time":"2023-07-14 16:00:23","message":"=== New Request ==="}
{"level":"debug","function":"RetrieveFile","message":{"RequestId":"ded4c931-6983-4a53-be63-ccc3359cb694","DocumentId":"64b0b4cb355af6c59a76367c","Filename":""},"time":"2023-07-14 16:00:23"}
{"level":"warn","function":"CheckBasicAuth","message":"Basic auth not set","time":"2023-07-14 16:01:04"}
{"level":"info","time":"2023-07-14 16:01:11","message":"Basic auth successful"}
{"level":"info","time":"2023-07-14 16:01:11","message":"=== New Request ==="}
{"level":"debug","function":"RetrieveFile","message":{"RequestId":"ded4c931-6983-4a53-be63-ccc3359cb694","DocumentId":"64b0b3a76ed46c45f0315574","Filename":""},"time":"2023-07-14 16:01:11"}
